0 info it worked if it ends with ok
1 verbose cli [ '/Users/mensur/.nvm/versions/node/v5.9.1/bin/node',
1 verbose cli   '/Users/mensur/.nvm/versions/node/v5.9.1/bin/npm',
1 verbose cli   'run',
1 verbose cli   'build' ]
2 info using npm@3.7.3
3 info using node@v5.9.1
4 verbose run-script [ 'prebuild', 'build', 'postbuild' ]
5 info lifecycle webpack-4@1.0.0~prebuild: webpack-4@1.0.0
6 silly lifecycle webpack-4@1.0.0~prebuild: no script for prebuild, continuing
7 info lifecycle webpack-4@1.0.0~build: webpack-4@1.0.0
8 verbose lifecycle webpack-4@1.0.0~build: unsafe-perm in lifecycle true
9 verbose lifecycle webpack-4@1.0.0~build: PATH: /Users/mensur/.nvm/versions/node/v5.9.1/lib/node_modules/npm/bin/node-gyp-bin:/Users/mensur/Documents/practice/webpack-4/node_modules/.bin:/Users/mensur/.nvm/versions/node/v5.9.1/bin:/Users/mensur/google-cloud-sdk/bin:/Users/mensur/.nvm/versions/node/v5.9.1/bin:/usr/local/bin:/usr/bin:/bin:/usr/sbin:/sbin:/Users/mensur/google-cloud-sdk/bin
10 verbose lifecycle webpack-4@1.0.0~build: CWD: /Users/mensur/Documents/practice/webpack-4
11 silly lifecycle webpack-4@1.0.0~build: Args: [ '-c', 'webpack' ]
12 silly lifecycle webpack-4@1.0.0~build: Returned: code: 1  signal: null
13 info lifecycle webpack-4@1.0.0~build: Failed to exec build script
14 verbose stack Error: webpack-4@1.0.0 build: `webpack`
14 verbose stack Exit status 1
14 verbose stack     at EventEmitter.<anonymous> (/Users/mensur/.nvm/versions/node/v5.9.1/lib/node_modules/npm/lib/utils/lifecycle.js:239:16)
14 verbose stack     at emitTwo (events.js:100:13)
14 verbose stack     at EventEmitter.emit (events.js:185:7)
14 verbose stack     at ChildProcess.<anonymous> (/Users/mensur/.nvm/versions/node/v5.9.1/lib/node_modules/npm/lib/utils/spawn.js:24:14)
14 verbose stack     at emitTwo (events.js:100:13)
14 verbose stack     at ChildProcess.emit (events.js:185:7)
14 verbose stack     at maybeClose (internal/child_process.js:850:16)
14 verbose stack     at Process.ChildProcess._handle.onexit (internal/child_process.js:215:5)
15 verbose pkgid webpack-4@1.0.0
16 verbose cwd /Users/mensur/Documents/practice/webpack-4
17 error Darwin 17.5.0
18 error argv "/Users/mensur/.nvm/versions/node/v5.9.1/bin/node" "/Users/mensur/.nvm/versions/node/v5.9.1/bin/npm" "run" "build"
19 error node v5.9.1
20 error npm  v3.7.3
21 error code ELIFECYCLE
22 error webpack-4@1.0.0 build: `webpack`
22 error Exit status 1
23 error Failed at the webpack-4@1.0.0 build script 'webpack'.
23 error Make sure you have the latest version of node.js and npm installed.
23 error If you do, this is most likely a problem with the webpack-4 package,
23 error not with npm itself.
23 error Tell the author that this fails on your system:
23 error     webpack
23 error You can get information on how to open an issue for this project with:
23 error     npm bugs webpack-4
23 error Or if that isn't available, you can get their info via:
23 error     npm owner ls webpack-4
23 error There is likely additional logging output above.
24 verbose exit [ 1, true ]
